2019-03-19 11:12:29.732  INFO 8704 --- [main] c.j.s.SuperCodeTraceApplication          : No active profile set, falling back to default profiles: default
2019-03-19 11:12:32.878  INFO 8704 --- [main] o.apache.catalina.core.StandardService   : Starting service [Tomcat]
2019-03-19 11:12:32.878  INFO 8704 --- [main] org.apache.catalina.core.StandardEngine  : Starting Servlet Engine: Apache Tomcat/8.5.31
2019-03-19 11:12:32.889  INFO 8704 --- [localhost-startStop-1] o.a.catalina.core.AprLifecycleListener   : The APR based Apache Tomcat Native library which allows optimal performance in production environments was not found on the java.library.path: [E:\JDK8\bin;C:\WINDOWS\Sun\Java\bin;C:\WINDOWS\system32;C:\WINDOWS;E:\JDK8\bin;C:\WINDOWS\System32\WindowsPowerShell\v1.0\;C:\WINDOWS\system32;C:\WINDOWS;C:\WINDOWS\System32\Wbem;D:\apache-maven-3.5.2\bin\;C:\Program Files\Git\cmd;C:\WINDOWS\System32\OpenSSH\;C:\Users\JGW\AppData\Local\Microsoft\WindowsApps;;.]
2019-03-19 11:12:33.139  INFO 8704 --- [localhost-startStop-1] o.a.c.c.C.[Tomcat].[localhost].[/]       : Initializing Spring embedded WebApplicationContext
2019-03-19 11:12:33.466  WARN 8704 --- [main] ConfigServletWebServerApplicationContext : Exception encountered during context initialization - cancelling refresh attempt: org.springframework.beans.factory.UnsatisfiedDependencyException: Error creating bean with name 'traceApplicationContextAware': Unsatisfied dependency expressed through field 'redisUtil'; nested exception is org.springframework.beans.factory.UnsatisfiedDependencyException: Error creating bean with name 'redisUtilNew': Unsatisfied dependency expressed through field 'stringRedisTemplate'; nested exception is org.springframework.beans.factory.BeanCreationException: Error creating bean with name 'redisConfigNew': Injection of autowired dependencies failed; nested exception is java.lang.IllegalArgumentException: Could not resolve placeholder 'redis.host' in value "${redis.host}"
2019-03-19 11:12:33.467  INFO 8704 --- [main] o.apache.catalina.core.StandardService   : Stopping service [Tomcat]
2019-03-19 11:12:33.516 ERROR 8704 --- [main] o.s.boot.SpringApplication               : Application run failed

org.springframework.beans.factory.UnsatisfiedDependencyException: Error creating bean with name 'traceApplicationContextAware': Unsatisfied dependency expressed through field 'redisUtil'; nested exception is org.springframework.beans.factory.UnsatisfiedDependencyException: Error creating bean with name 'redisUtilNew': Unsatisfied dependency expressed through field 'stringRedisTemplate'; nested exception is org.springframework.beans.factory.BeanCreationException: Error creating bean with name 'redisConfigNew': Injection of autowired dependencies failed; nested exception is java.lang.IllegalArgumentException: Could not resolve placeholder 'redis.host' in value "${redis.host}"
	at org.springframework.beans.factory.annotation.AutowiredAnnotationBeanPostProcessor$AutowiredFieldElement.inject(AutowiredAnnotationBeanPostProcessor.java:587) ~[spring-beans-5.0.7.RELEASE.jar:5.0.7.RELEASE]
	at org.springframework.beans.factory.annotation.InjectionMetadata.inject(InjectionMetadata.java:91) ~[spring-beans-5.0.7.RELEASE.jar:5.0.7.RELEASE]
	at org.springframework.beans.factory.annotation.AutowiredAnnotationBeanPostProcessor.postProcessPropertyValues(AutowiredAnnotationBeanPostProcessor.java:373) ~[spring-beans-5.0.7.RELEASE.jar:5.0.7.RELEASE]
	at org.springframework.beans.factory.support.AbstractAutowireCapableBeanFactory.populateBean(AbstractAutowireCapableBeanFactory.java:1350) ~[spring-beans-5.0.7.RELEASE.jar:5.0.7.RELEASE]
	at org.springframework.beans.factory.support.AbstractAutowireCapableBeanFactory.doCreateBean(AbstractAutowireCapableBeanFactory.java:580) ~[spring-beans-5.0.7.RELEASE.jar:5.0.7.RELEASE]
	at org.springframework.beans.factory.support.AbstractAutowireCapableBeanFactory.createBean(AbstractAutowireCapableBeanFactory.java:503) ~[spring-beans-5.0.7.RELEASE.jar:5.0.7.RELEASE]
	at org.springframework.beans.factory.support.AbstractBeanFactory.lambda$doGetBean$0(AbstractBeanFactory.java:317) ~[spring-beans-5.0.7.RELEASE.jar:5.0.7.RELEASE]
	at org.springframework.beans.factory.support.DefaultSingletonBeanRegistry.getSingleton(DefaultSingletonBeanRegistry.java:222) ~[spring-beans-5.0.7.RELEASE.jar:5.0.7.RELEASE]
	at org.springframework.beans.factory.support.AbstractBeanFactory.doGetBean(AbstractBeanFactory.java:315) ~[spring-beans-5.0.7.RELEASE.jar:5.0.7.RELEASE]
	at org.springframework.beans.factory.support.AbstractBeanFactory.getBean(AbstractBeanFactory.java:199) ~[spring-beans-5.0.7.RELEASE.jar:5.0.7.RELEASE]
	at org.springframework.beans.factory.support.DefaultListableBeanFactory.preInstantiateSingletons(DefaultListableBeanFactory.java:760) ~[spring-beans-5.0.7.RELEASE.jar:5.0.7.RELEASE]
	at org.springframework.context.support.AbstractApplicationContext.finishBeanFactoryInitialization(AbstractApplicationContext.java:869) ~[spring-context-5.0.7.RELEASE.jar:5.0.7.RELEASE]
	at org.springframework.context.support.AbstractApplicationContext.refresh(AbstractApplicationContext.java:550) ~[spring-context-5.0.7.RELEASE.jar:5.0.7.RELEASE]
	at org.springframework.boot.web.servlet.context.ServletWebServerApplicationContext.refresh(ServletWebServerApplicationContext.java:140) ~[spring-boot-2.0.3.RELEASE.jar:2.0.3.RELEASE]
	at org.springframework.boot.SpringApplication.refresh(SpringApplication.java:759) [spring-boot-2.0.3.RELEASE.jar:2.0.3.RELEASE]
	at org.springframework.boot.SpringApplication.refreshContext(SpringApplication.java:395) [spring-boot-2.0.3.RELEASE.jar:2.0.3.RELEASE]
	at org.springframework.boot.SpringApplication.run(SpringApplication.java:327) [spring-boot-2.0.3.RELEASE.jar:2.0.3.RELEASE]
	at org.springframework.boot.SpringApplication.run(SpringApplication.java:1255) [spring-boot-2.0.3.RELEASE.jar:2.0.3.RELEASE]
	at org.springframework.boot.SpringApplication.run(SpringApplication.java:1243) [spring-boot-2.0.3.RELEASE.jar:2.0.3.RELEASE]
	at com.jgw.supercodeplatform.SuperCodeTraceApplication.main(SuperCodeTraceApplication.java:17) [classes/:na]
Caused by: org.springframework.beans.factory.UnsatisfiedDependencyException: Error creating bean with name 'redisUtilNew': Unsatisfied dependency expressed through field 'stringRedisTemplate'; nested exception is org.springframework.beans.factory.BeanCreationException: Error creating bean with name 'redisConfigNew': Injection of autowired dependencies failed; nested exception is java.lang.IllegalArgumentException: Could not resolve placeholder 'redis.host' in value "${redis.host}"
	at org.springframework.beans.factory.annotation.AutowiredAnnotationBeanPostProcessor$AutowiredFieldElement.inject(AutowiredAnnotationBeanPostProcessor.java:587) ~[spring-beans-5.0.7.RELEASE.jar:5.0.7.RELEASE]
	at org.springframework.beans.factory.annotation.InjectionMetadata.inject(InjectionMetadata.java:91) ~[spring-beans-5.0.7.RELEASE.jar:5.0.7.RELEASE]
	at org.springframework.beans.factory.annotation.AutowiredAnnotationBeanPostProcessor.postProcessPropertyValues(AutowiredAnnotationBeanPostProcessor.java:373) ~[spring-beans-5.0.7.RELEASE.jar:5.0.7.RELEASE]
	at org.springframework.beans.factory.support.AbstractAutowireCapableBeanFactory.populateBean(AbstractAutowireCapableBeanFactory.java:1350) ~[spring-beans-5.0.7.RELEASE.jar:5.0.7.RELEASE]
	at org.springframework.beans.factory.support.AbstractAutowireCapableBeanFactory.doCreateBean(AbstractAutowireCapableBeanFactory.java:580) ~[spring-beans-5.0.7.RELEASE.jar:5.0.7.RELEASE]
	at org.springframework.beans.factory.support.AbstractAutowireCapableBeanFactory.createBean(AbstractAutowireCapableBeanFactory.java:503) ~[spring-beans-5.0.7.RELEASE.jar:5.0.7.RELEASE]
	at org.springframework.beans.factory.support.AbstractBeanFactory.lambda$doGetBean$0(AbstractBeanFactory.java:317) ~[spring-beans-5.0.7.RELEASE.jar:5.0.7.RELEASE]
	at org.springframework.beans.factory.support.DefaultSingletonBeanRegistry.getSingleton(DefaultSingletonBeanRegistry.java:222) ~[spring-beans-5.0.7.RELEASE.jar:5.0.7.RELEASE]
	at org.springframework.beans.factory.support.AbstractBeanFactory.doGetBean(AbstractBeanFactory.java:315) ~[spring-beans-5.0.7.RELEASE.jar:5.0.7.RELEASE]
	at org.springframework.beans.factory.support.AbstractBeanFactory.getBean(AbstractBeanFactory.java:199) ~[spring-beans-5.0.7.RELEASE.jar:5.0.7.RELEASE]
	at org.springframework.beans.factory.config.DependencyDescriptor.resolveCandidate(DependencyDescriptor.java:251) ~[spring-beans-5.0.7.RELEASE.jar:5.0.7.RELEASE]
	at org.springframework.beans.factory.support.DefaultListableBeanFactory.doResolveDependency(DefaultListableBeanFactory.java:1138) ~[spring-beans-5.0.7.RELEASE.jar:5.0.7.RELEASE]
	at org.springframework.beans.factory.support.DefaultListableBeanFactory.resolveDependency(DefaultListableBeanFactory.java:1065) ~[spring-beans-5.0.7.RELEASE.jar:5.0.7.RELEASE]
	at org.springframework.beans.factory.annotation.AutowiredAnnotationBeanPostProcessor$AutowiredFieldElement.inject(AutowiredAnnotationBeanPostProcessor.java:584) ~[spring-beans-5.0.7.RELEASE.jar:5.0.7.RELEASE]
	... 19 common frames omitted
Caused by: org.springframework.beans.factory.BeanCreationException: Error creating bean with name 'redisConfigNew': Injection of autowired dependencies failed; nested exception is java.lang.IllegalArgumentException: Could not resolve placeholder 'redis.host' in value "${redis.host}"
	at org.springframework.beans.factory.annotation.AutowiredAnnotationBeanPostProcessor.postProcessPropertyValues(AutowiredAnnotationBeanPostProcessor.java:379) ~[spring-beans-5.0.7.RELEASE.jar:5.0.7.RELEASE]
	at org.springframework.beans.factory.support.AbstractAutowireCapableBeanFactory.populateBean(AbstractAutowireCapableBeanFactory.java:1350) ~[spring-beans-5.0.7.RELEASE.jar:5.0.7.RELEASE]
	at org.springframework.beans.factory.support.AbstractAutowireCapableBeanFactory.doCreateBean(AbstractAutowireCapableBeanFactory.java:580) ~[spring-beans-5.0.7.RELEASE.jar:5.0.7.RELEASE]
	at org.springframework.beans.factory.support.AbstractAutowireCapableBeanFactory.createBean(AbstractAutowireCapableBeanFactory.java:503) ~[spring-beans-5.0.7.RELEASE.jar:5.0.7.RELEASE]
	at org.springframework.beans.factory.support.AbstractBeanFactory.lambda$doGetBean$0(AbstractBeanFactory.java:317) ~[spring-beans-5.0.7.RELEASE.jar:5.0.7.RELEASE]
	at org.springframework.beans.factory.support.DefaultSingletonBeanRegistry.getSingleton(DefaultSingletonBeanRegistry.java:222) ~[spring-beans-5.0.7.RELEASE.jar:5.0.7.RELEASE]
	at org.springframework.beans.factory.support.AbstractBeanFactory.doGetBean(AbstractBeanFactory.java:315) ~[spring-beans-5.0.7.RELEASE.jar:5.0.7.RELEASE]
	at org.springframework.beans.factory.support.AbstractBeanFactory.getBean(AbstractBeanFactory.java:199) ~[spring-beans-5.0.7.RELEASE.jar:5.0.7.RELEASE]
	at org.springframework.beans.factory.support.ConstructorResolver.instantiateUsingFactoryMethod(ConstructorResolver.java:372) ~[spring-beans-5.0.7.RELEASE.jar:5.0.7.RELEASE]
	at org.springframework.beans.factory.support.AbstractAutowireCapableBeanFactory.instantiateUsingFactoryMethod(AbstractAutowireCapableBeanFactory.java:1256) ~[spring-beans-5.0.7.RELEASE.jar:5.0.7.RELEASE]
	at org.springframework.beans.factory.support.AbstractAutowireCapableBeanFactory.createBeanInstance(AbstractAutowireCapableBeanFactory.java:1105) ~[spring-beans-5.0.7.RELEASE.jar:5.0.7.RELEASE]
	at org.springframework.beans.factory.support.AbstractAutowireCapableBeanFactory.doCreateBean(AbstractAutowireCapableBeanFactory.java:543) ~[spring-beans-5.0.7.RELEASE.jar:5.0.7.RELEASE]
	at org.springframework.beans.factory.support.AbstractAutowireCapableBeanFactory.createBean(AbstractAutowireCapableBeanFactory.java:503) ~[spring-beans-5.0.7.RELEASE.jar:5.0.7.RELEASE]
	at org.springframework.beans.factory.support.AbstractBeanFactory.lambda$doGetBean$0(AbstractBeanFactory.java:317) ~[spring-beans-5.0.7.RELEASE.jar:5.0.7.RELEASE]
	at org.springframework.beans.factory.support.DefaultSingletonBeanRegistry.getSingleton(DefaultSingletonBeanRegistry.java:222) ~[spring-beans-5.0.7.RELEASE.jar:5.0.7.RELEASE]
	at org.springframework.beans.factory.support.AbstractBeanFactory.doGetBean(AbstractBeanFactory.java:315) ~[spring-beans-5.0.7.RELEASE.jar:5.0.7.RELEASE]
	at org.springframework.beans.factory.support.AbstractBeanFactory.getBean(AbstractBeanFactory.java:199) ~[spring-beans-5.0.7.RELEASE.jar:5.0.7.RELEASE]
	at org.springframework.beans.factory.config.DependencyDescriptor.resolveCandidate(DependencyDescriptor.java:251) ~[spring-beans-5.0.7.RELEASE.jar:5.0.7.RELEASE]
	at org.springframework.beans.factory.support.DefaultListableBeanFactory.doResolveDependency(DefaultListableBeanFactory.java:1138) ~[spring-beans-5.0.7.RELEASE.jar:5.0.7.RELEASE]
	at org.springframework.beans.factory.support.DefaultListableBeanFactory.resolveDependency(DefaultListableBeanFactory.java:1065) ~[spring-beans-5.0.7.RELEASE.jar:5.0.7.RELEASE]
	at org.springframework.beans.factory.annotation.AutowiredAnnotationBeanPostProcessor$AutowiredFieldElement.inject(AutowiredAnnotationBeanPostProcessor.java:584) ~[spring-beans-5.0.7.RELEASE.jar:5.0.7.RELEASE]
	... 32 common frames omitted
Caused by: java.lang.IllegalArgumentException: Could not resolve placeholder 'redis.host' in value "${redis.host}"
	at org.springframework.util.PropertyPlaceholderHelper.parseStringValue(PropertyPlaceholderHelper.java:172) ~[spring-core-5.0.7.RELEASE.jar:5.0.7.RELEASE]
	at org.springframework.util.PropertyPlaceholderHelper.replacePlaceholders(PropertyPlaceholderHelper.java:124) ~[spring-core-5.0.7.RELEASE.jar:5.0.7.RELEASE]
	at org.springframework.core.env.AbstractPropertyResolver.doResolvePlaceholders(AbstractPropertyResolver.java:237) ~[spring-core-5.0.7.RELEASE.jar:5.0.7.RELEASE]
	at org.springframework.core.env.AbstractPropertyResolver.resolveRequiredPlaceholders(AbstractPropertyResolver.java:211) ~[spring-core-5.0.7.RELEASE.jar:5.0.7.RELEASE]
	at org.springframework.context.support.PropertySourcesPlaceholderConfigurer.lambda$processProperties$0(PropertySourcesPlaceholderConfigurer.java:175) ~[spring-context-5.0.7.RELEASE.jar:5.0.7.RELEASE]
	at org.springframework.beans.factory.support.AbstractBeanFactory.resolveEmbeddedValue(AbstractBeanFactory.java:839) ~[spring-beans-5.0.7.RELEASE.jar:5.0.7.RELEASE]
	at org.springframework.beans.factory.support.DefaultListableBeanFactory.doResolveDependency(DefaultListableBeanFactory.java:1086) ~[spring-beans-5.0.7.RELEASE.jar:5.0.7.RELEASE]
	at org.springframework.beans.factory.support.DefaultListableBeanFactory.resolveDependency(DefaultListableBeanFactory.java:1065) ~[spring-beans-5.0.7.RELEASE.jar:5.0.7.RELEASE]
	at org.springframework.beans.factory.annotation.AutowiredAnnotationBeanPostProcessor$AutowiredFieldElement.inject(AutowiredAnnotationBeanPostProcessor.java:584) ~[spring-beans-5.0.7.RELEASE.jar:5.0.7.RELEASE]
	at org.springframework.beans.factory.annotation.InjectionMetadata.inject(InjectionMetadata.java:91) ~[spring-beans-5.0.7.RELEASE.jar:5.0.7.RELEASE]
	at org.springframework.beans.factory.annotation.AutowiredAnnotationBeanPostProcessor.postProcessPropertyValues(AutowiredAnnotationBeanPostProcessor.java:373) ~[spring-beans-5.0.7.RELEASE.jar:5.0.7.RELEASE]
	... 52 common frames omitted

2019-03-19 11:13:50.974  INFO 8140 --- [main] c.j.s.SuperCodeTraceApplication          : No active profile set, falling back to default profiles: default
2019-03-19 11:13:53.289  INFO 8140 --- [main] o.apache.catalina.core.StandardService   : Starting service [Tomcat]
2019-03-19 11:13:53.290  INFO 8140 --- [main] org.apache.catalina.core.StandardEngine  : Starting Servlet Engine: Apache Tomcat/8.5.31
2019-03-19 11:13:53.295  INFO 8140 --- [localhost-startStop-1] o.a.catalina.core.AprLifecycleListener   : The APR based Apache Tomcat Native library which allows optimal performance in production environments was not found on the java.library.path: [E:\JDK8\bin;C:\WINDOWS\Sun\Java\bin;C:\WINDOWS\system32;C:\WINDOWS;E:\JDK8\bin;C:\WINDOWS\System32\WindowsPowerShell\v1.0\;C:\WINDOWS\system32;C:\WINDOWS;C:\WINDOWS\System32\Wbem;D:\apache-maven-3.5.2\bin\;C:\Program Files\Git\cmd;C:\WINDOWS\System32\OpenSSH\;C:\Users\JGW\AppData\Local\Microsoft\WindowsApps;;.]
2019-03-19 11:13:53.484  INFO 8140 --- [localhost-startStop-1] o.a.c.c.C.[Tomcat].[localhost].[/]       : Initializing Spring embedded WebApplicationContext
2019-03-19 11:13:55.052  INFO 8140 --- [main] c.j.s.web.SuperCodeWebMvcConfig          : 用户允许通过定制功能拦截：[/trace/dynamic/fun/addFunData, /trace/dynamic/fun/list, /trace/dynamic/fun/update, /trace/dynamic/fun/delete]
2019-03-19 11:13:55.350  INFO 8140 --- [main] com.alibaba.druid.pool.DruidDataSource   : {dataSource-1} inited
2019-03-19 11:13:55.373  INFO 8140 --- [main] c.j.s.web.SuperCodeWebMvcConfig          : 拦截允许通过url配置：[/org/sys/invite/sys, /org/list/sys, /xiangqing/org, /sysuser/role, /role/sys, /sysuser/role, /fake/record/search/api/getAllFakeJudgeResult, /xiangqing/fake, /fake/record/search/api/getAllSearchRecordsToEngine, /fake/code/manage/api/generateBatchCode, /fake/code/manage/api/getGeneratedBatchCodeList, /fake/code/manage/api/exportSingleCodeDetailByBatchId, /fake/relationCode/add, /fake/manage/api/getFakeManageRecordList, /fake/relationCode/update, /trace/traceFunTemplateconfig/add, /trace/traceFunTemplateconfig/query, /trace/traceFunTemplateconfig/update, /trace/batch/info, /trace/batch/info/page, /trace/batch/info, /trace/batch/info, /trace/batch/info/nodeBusinessData, /trace/dynamic/fun/addFunData, /trace/dynamic/fun/list, /trace/dynamic/fun/addFunData, /trace/dynamic/fun/addFunData, /trace/dynamic/fun/list, /trace/dynamic/fun/addFunData, /trace/dynamic/fun/addFunData, /trace/dynamic/fun/delete, /trace/dynamic/fun/update, /trace/dynamic/fun/list, /trace/dynamic/fun/addFunData, /trace/dynamic/fun/delete, /trace/dynamic/fun/update, /trace/dynamic/fun/list, /trace/dynamic/fun/addFunData, /trace/dynamic/fun/delete, /trace/dynamic/fun/update, /trace/dynamic/fun/list, /trace/dynamic/fun/addFunData, /trace/dynamic/fun/delete, /trace/dynamic/fun/update, /trace/dynamic/fun/list, /trace/dynamic/fun/list, /trace/dynamic/fun/list, /trace/dynamic/fun/addFunData, /trace/dynamic/fun/addFunData, /trace/dynamic/fun/addFunData, /trace/dynamic/fun/delete, /trace/dynamic/fun/update, /trace/dynamic/fun/addFunData, /trace/dynamic/fun/delete, /trace/dynamic/fun/addFunData, /trace/dynamic/fun/addFunData, /trace/dynamic/fun/delete, /trace/dynamic/fun/update, /trace/dynamic/fun/list, /trace/dynamic/fun/addFunData, /trace/dynamic/fun/addFunData, /trace/dynamic/fun/list, /trace/dynamic/fun/list, /trace/dynamic/fun/addFunData, /trace/dynamic/fun/addFunData, /trace/dynamic/fun/addFunData, /trace/dynamic/fun/addFunData, /trace/dynamic/fun/addFunData, /trace/dynamic/fun/delete, /trace/dynamic/fun/update, /trace/dynamic/fun/list, /trace/dynamic/fun/addFunData, /trace/dynamic/fun/update, /trace/dynamic/fun/delete, /trace/dynamic/fun/list, /trace/dynamic/fun/addFunData, /trace/dynamic/fun/addFunData, /trace/dynamic/fun/update, /trace/dynamic/fun/list, /trace/dynamic/fun/addFunData, /trace/dynamic/fun/addFunData, /trace/dynamic/fun/addFunData, /trace/dynamic/fun/addFunData, /trace/dynamic/fun/list, /trace/dynamic/fun/addFunData, /trace/dynamic/fun/list, /trace/dynamic/fun/addFunData, /trace/dynamic/fun/list, /trace/dynamic/fun/addFunData, /trace/dynamic/fun/list, /trace/dynamic/fun/addFunData, /trace/dynamic/fun/list, /trace/dynamic/fun/addFunData, /trace/dynamic/fun/delete, /trace/dynamic/fun/update, /trace/dynamic/fun/list, /trace/dynamic/fun/list, /trace/dynamic/fun/addFunData, /trace/dynamic/fun/list, /trace/dynamic/fun/addFunData, /trace/dynamic/fun/list, /trace/dynamic/fun/addFunData, /trace/dynamic/fun/delete, /trace/dynamic/fun/list, /trace/dynamic/fun/addFunData, /trace/dynamic/fun/delete, /trace/dynamic/fun/update, /trace/dynamic/fun/list, /trace/dynamic/fun/addFunData, /trace/dynamic/fun/delete, /trace/dynamic/fun/update, /trace/dynamic/fun/list, /trace/dynamic/fun/list, /trace/dynamic/fun/addFunData, /trace/dynamic/fun/delete, /trace/dynamic/fun/update, /trace/dynamic/fun/list, /trace/dynamic/fun/list, /trace/dynamic/fun/addFunData, /trace/dynamic/fun/delete, /trace/dynamic/fun/update, /trace/dynamic/fun/list, /trace/dynamic/fun/list, /trace/dynamic/fun/addFunData, /trace/dynamic/fun/delete, /trace/dynamic/fun/update, /trace/dynamic/fun/list, /trace/dynamic/fun/list, /trace/dynamic/fun/delete, /trace/dynamic/fun/list, /trace/node/blockchain/page, /trace/node/blockchain/getNodeBlockInfo, /trace/dynamic/fun/addFunData, /trace/dynamic/fun/delete, /trace/dynamic/fun/update, /trace/dynamic/fun/list, /trace/dynamic/fun/list, /trace/dynamic/fun/list, /trace/dynamic/fun/list, /code/save/codeApply, /code/page/codeApply, /code/exportTestCode, /code/reSubmitGenerateCode, /code/audit/codeApply, /code/updateCodeApply, /code/order/page/waitAudit, /code/order/auditOrder, /code/activation/code/page/factoryTest/activation, /code/activation/code/factory/singleCode, /code/activation/code/page/JGWTest/activation, /code/activation/code/codeManager/singleCode, /code/activation/code/page/invalid, /code/download/getCodeDownloadPageList, /code/download/exportSingleCodeDetailByBatchId, /code/order/page/waitDeliverOrder, /code/order/delivery, /code/order/page/customer/waitSign, /code/activation/code/list/activation/sbatch, /code/activation/code/sbatch, /code/relation/list/relation/record, /code/relation/addRelation, /trace/dynamic/fun/addFunData, /trace/dynamic/fun/delete, /trace/dynamic/fun/update, /trace/dynamic/fun/list, /trace/dynamic/fun/list, /code/order/page/factory/notSign, /code/order/page/factory/waitSign, /code/order/page/customer/notSign, /code/order/signOrder, /code/order/reSignOrder, /trace/dynamic/fun/list, /trace/dynamic/fun/list, /SSS/DD, /marketing/members/list, /marketing/members/update, /marketing/members/disable/status, /marketing/members/enable/status, /Hjaojfo/nsajdk/asdasd, /marketing/activity/set/updatePage, /marketing/activity/set/add, /marketing/activity/set/disOrEnable, /marketing/winRecord/page, /marketing/winRecord/littlerecord, /trace/dynamic/fun/addFunData, /trace/dynamic/fun/delete, /trace/dynamic/fun/update, /trace/dynamic/fun/list, /trace/dynamic/fun/list, /trace/dynamic/fun/addFunData, /trace/dynamic/fun/list, /trace/dynamic/fun/addFunData, /trace/dynamic/fun/list, /trace/dynamic/fun/addFunData, /trace/dynamic/fun/delete, /trace/dynamic/fun/update, /trace/dynamic/fun/list, /trace/dynamic/fun/list, /trace/dynamic/fun/addFunData, /trace/dynamic/fun/list, /trace/dynamic/fun/addFunData, /trace/dynamic/fun/list, /trace/dynamic/fun/addFunData, /trace/dynamic/fun/list, /trace/dynamic/fun/addFunData, /trace/dynamic/fun/list, /trace/dynamic/fun/addFunData, /trace/dynamic/fun/list, /trace/dynamic/fun/addFunData, /trace/dynamic/fun/list, /trace/dynamic/fun/addFunData, /trace/dynamic/fun/list, /trace/dynamic/fun/addFunData, /trace/dynamic/fun/list, /trace/dynamic/fun/addFunData, /trace/dynamic/fun/list, /trace/dynamic/fun/addFunData, /trace/dynamic/fun/list, /trace/dynamic/fun/addFunData, /trace/dynamic/fun/list, /trace/dynamic/fun/addFunData, /trace/dynamic/fun/list, /trace/dynamic/fun/addFunData, /trace/dynamic/fun/list, /trace/dynamic/fun/addFunData, /trace/dynamic/fun/list]
2019-03-19 11:13:55.844  INFO 8140 --- [main] pertySourcedRequestMappingHandlerMapping : Mapped URL path [/v2/api-docs] onto method [public org.springframework.http.ResponseEntity<springfox.documentation.spring.web.json.Json> springfox.documentation.swagger2.web.Swagger2Controller.getDocumentation(java.lang.String,javax.servlet.http.HttpServletRequest)]
2019-03-19 11:13:55.891  WARN 8140 --- [main] c.n.c.sources.URLConfigurationSource     : No URLs will be polled as dynamic configuration sources.
2019-03-19 11:13:55.891  INFO 8140 --- [main] c.n.c.sources.URLConfigurationSource     : To enable URLs as dynamic configuration sources, define System property archaius.configurationSource.additionalUrls or make config.properties available on classpath.
2019-03-19 11:13:55.895  WARN 8140 --- [main] c.n.c.sources.URLConfigurationSource     : No URLs will be polled as dynamic configuration sources.
2019-03-19 11:13:55.895  INFO 8140 --- [main] c.n.c.sources.URLConfigurationSource     : To enable URLs as dynamic configuration sources, define System property archaius.configurationSource.additionalUrls or make config.properties available on classpath.
2019-03-19 11:13:57.564  INFO 8140 --- [main] com.netflix.discovery.DiscoveryClient    : Initializing Eureka in region us-east-1
2019-03-19 11:13:57.732  INFO 8140 --- [main] c.n.d.provider.DiscoveryJerseyProvider   : Using JSON encoding codec LegacyJacksonJson
2019-03-19 11:13:57.733  INFO 8140 --- [main] c.n.d.provider.DiscoveryJerseyProvider   : Using JSON decoding codec LegacyJacksonJson
2019-03-19 11:13:57.884  INFO 8140 --- [main] c.n.d.provider.DiscoveryJerseyProvider   : Using XML encoding codec XStreamXml
2019-03-19 11:13:57.884  INFO 8140 --- [main] c.n.d.provider.DiscoveryJerseyProvider   : Using XML decoding codec XStreamXml
2019-03-19 11:13:58.450  INFO 8140 --- [main] c.n.d.s.r.aws.ConfigClusterResolver      : Resolving eureka endpoints via configuration
2019-03-19 11:13:58.516  INFO 8140 --- [main] com.netflix.discovery.DiscoveryClient    : Disable delta property : false
2019-03-19 11:13:58.517  INFO 8140 --- [main] com.netflix.discovery.DiscoveryClient    : Single vip registry refresh property : null
2019-03-19 11:13:58.517  INFO 8140 --- [main] com.netflix.discovery.DiscoveryClient    : Force full registry fetch : false
2019-03-19 11:13:58.517  INFO 8140 --- [main] com.netflix.discovery.DiscoveryClient    : Application is null : false
2019-03-19 11:13:58.517  INFO 8140 --- [main] com.netflix.discovery.DiscoveryClient    : Registered Applications size is zero : true
2019-03-19 11:13:58.517  INFO 8140 --- [main] com.netflix.discovery.DiscoveryClient    : Application version is -1: true
2019-03-19 11:13:58.517  INFO 8140 --- [main] com.netflix.discovery.DiscoveryClient    : Getting all instance registry info from the eureka server
2019-03-19 11:13:58.652  INFO 8140 --- [main] com.netflix.discovery.DiscoveryClient    : The response status is 200
2019-03-19 11:13:58.656  INFO 8140 --- [main] com.netflix.discovery.DiscoveryClient    : Starting heartbeat executor: renew interval is: 1
2019-03-19 11:13:58.660  INFO 8140 --- [main] c.n.discovery.InstanceInfoReplicator     : InstanceInfoReplicator onDemand update allowed rate per min is 4
2019-03-19 11:13:58.665  INFO 8140 --- [main] com.netflix.discovery.DiscoveryClient    : Discovery Client initialized at timestamp 1552965238664 with initial instances count: 22
2019-03-19 11:13:58.673  INFO 8140 --- [main] com.netflix.discovery.DiscoveryClient    : Saw local status change event StatusChangeEvent [timestamp=1552965238673, current=UP, previous=STARTING]
2019-03-19 11:13:58.675  INFO 8140 --- [DiscoveryClient-InstanceInfoReplicator-0] com.netflix.discovery.DiscoveryClient    : DiscoveryClient_PLATFORM-TRACE-SUPERCODE-WZQ/JGW20190306A3:platform-trace-supercode-wzq:8071: registering service...
2019-03-19 11:13:58.680  INFO 8140 --- [main] d.s.w.p.DocumentationPluginsBootstrapper : Context refreshed
2019-03-19 11:13:58.706  INFO 8140 --- [main] d.s.w.p.DocumentationPluginsBootstrapper : Found 6 custom documentation plugin(s)
2019-03-19 11:13:58.720  INFO 8140 --- [DiscoveryClient-InstanceInfoReplicator-0] com.netflix.discovery.DiscoveryClient    : DiscoveryClient_PLATFORM-TRACE-SUPERCODE-WZQ/JGW20190306A3:platform-trace-supercode-wzq:8071 - registration status: 204
2019-03-19 11:13:58.759  INFO 8140 --- [main] s.d.s.w.s.ApiListingReferenceScanner     : Scanning for api listing references
2019-03-19 11:13:58.933  INFO 8140 --- [main] .d.s.w.r.o.CachingOperationNameGenerator : Generating unique operation named: deleteUsingPOST_1
2019-03-19 11:13:58.945  INFO 8140 --- [main] .d.s.w.r.o.CachingOperationNameGenerator : Generating unique operation named: updateUsingPOST_1
2019-03-19 11:13:58.959  INFO 8140 --- [main] s.d.s.w.s.ApiListingReferenceScanner     : Scanning for api listing references
2019-03-19 11:13:58.983  INFO 8140 --- [main] .d.s.w.r.o.CachingOperationNameGenerator : Generating unique operation named: addUsingPOST_1
2019-03-19 11:13:58.985  INFO 8140 --- [main] .d.s.w.r.o.CachingOperationNameGenerator : Generating unique operation named: createQrCodeUsingGET_1
2019-03-19 11:13:59.009  INFO 8140 --- [main] s.d.s.w.s.ApiListingReferenceScanner     : Scanning for api listing references
2019-03-19 11:13:59.043  INFO 8140 --- [main] s.d.s.w.s.ApiListingReferenceScanner     : Scanning for api listing references
2019-03-19 11:13:59.063  INFO 8140 --- [main] .d.s.w.r.o.CachingOperationNameGenerator : Generating unique operation named: addUsingPOST_2
2019-03-19 11:13:59.084  INFO 8140 --- [main] .d.s.w.r.o.CachingOperationNameGenerator : Generating unique operation named: updateUsingPOST_2
2019-03-19 11:13:59.092  INFO 8140 --- [main] .d.s.w.r.o.CachingOperationNameGenerator : Generating unique operation named: addUsingPOST_3
2019-03-19 11:13:59.095  INFO 8140 --- [main] .d.s.w.r.o.CachingOperationNameGenerator : Generating unique operation named: deleteUsingPOST_2
2019-03-19 11:13:59.140  INFO 8140 --- [main] .d.s.w.r.o.CachingOperationNameGenerator : Generating unique operation named: updateUsingPOST_3
2019-03-19 11:13:59.146  INFO 8140 --- [main] s.d.s.w.s.ApiListingReferenceScanner     : Scanning for api listing references
2019-03-19 11:13:59.173  INFO 8140 --- [main] s.d.s.w.s.ApiListingReferenceScanner     : Scanning for api listing references
2019-03-19 11:13:59.180  INFO 8140 --- [main] .d.s.w.r.o.CachingOperationNameGenerator : Generating unique operation named: checkNodeBlockInfoUsingPOST_1
2019-03-19 11:13:59.189  INFO 8140 --- [main] .d.s.w.r.o.CachingOperationNameGenerator : Generating unique operation named: nodeBlockInfoUsingGET_1
2019-03-19 11:13:59.200  INFO 8140 --- [main] .d.s.w.r.o.CachingOperationNameGenerator : Generating unique operation named: pageUsingGET_1
2019-03-19 11:13:59.258  INFO 8140 --- [main] c.j.s.SuperCodeTraceApplication          : Started SuperCodeTraceApplication in 11.282 seconds (JVM running for 12.452)
2019-03-19 11:14:23.667  INFO 3956 --- [main] c.j.s.SuperCodeTraceApplication          : No active profile set, falling back to default profiles: default
2019-03-19 11:14:25.847  INFO 3956 --- [main] o.apache.catalina.core.StandardService   : Starting service [Tomcat]
2019-03-19 11:14:25.847  INFO 3956 --- [main] org.apache.catalina.core.StandardEngine  : Starting Servlet Engine: Apache Tomcat/8.5.31
2019-03-19 11:14:25.851  INFO 3956 --- [localhost-startStop-1] o.a.catalina.core.AprLifecycleListener   : The APR based Apache Tomcat Native library which allows optimal performance in production environments was not found on the java.library.path: [E:\JDK8\bin;C:\WINDOWS\Sun\Java\bin;C:\WINDOWS\system32;C:\WINDOWS;E:\JDK8\bin;C:\WINDOWS\System32\WindowsPowerShell\v1.0\;C:\WINDOWS\system32;C:\WINDOWS;C:\WINDOWS\System32\Wbem;D:\apache-maven-3.5.2\bin\;C:\Program Files\Git\cmd;C:\WINDOWS\System32\OpenSSH\;C:\Users\JGW\AppData\Local\Microsoft\WindowsApps;;.]
2019-03-19 11:14:26.007  INFO 3956 --- [localhost-startStop-1] o.a.c.c.C.[Tomcat].[localhost].[/]       : Initializing Spring embedded WebApplicationContext
2019-03-19 11:14:26.269  WARN 3956 --- [main] ConfigServletWebServerApplicationContext : Exception encountered during context initialization - cancelling refresh attempt: org.springframework.beans.factory.UnsatisfiedDependencyException: Error creating bean with name 'traceApplicationContextAware': Unsatisfied dependency expressed through field 'redisUtil'; nested exception is org.springframework.beans.factory.UnsatisfiedDependencyException: Error creating bean with name 'redisUtilNew': Unsatisfied dependency expressed through field 'stringRedisTemplate'; nested exception is org.springframework.beans.factory.BeanCreationException: Error creating bean with name 'redisConfigNew': Injection of autowired dependencies failed; nested exception is java.lang.IllegalArgumentException: Could not resolve placeholder 'redis.host' in value "${redis.host}"
2019-03-19 11:14:26.271  INFO 3956 --- [main] o.apache.catalina.core.StandardService   : Stopping service [Tomcat]
2019-03-19 11:14:26.301 ERROR 3956 --- [main] o.s.boot.SpringApplication               : Application run failed

org.springframework.beans.factory.UnsatisfiedDependencyException: Error creating bean with name 'traceApplicationContextAware': Unsatisfied dependency expressed through field 'redisUtil'; nested exception is org.springframework.beans.factory.UnsatisfiedDependencyException: Error creating bean with name 'redisUtilNew': Unsatisfied dependency expressed through field 'stringRedisTemplate'; nested exception is org.springframework.beans.factory.BeanCreationException: Error creating bean with name 'redisConfigNew': Injection of autowired dependencies failed; nested exception is java.lang.IllegalArgumentException: Could not resolve placeholder 'redis.host' in value "${redis.host}"
	at org.springframework.beans.factory.annotation.AutowiredAnnotationBeanPostProcessor$AutowiredFieldElement.inject(AutowiredAnnotationBeanPostProcessor.java:587) ~[spring-beans-5.0.7.RELEASE.jar:5.0.7.RELEASE]
	at org.springframework.beans.factory.annotation.InjectionMetadata.inject(InjectionMetadata.java:91) ~[spring-beans-5.0.7.RELEASE.jar:5.0.7.RELEASE]
	at org.springframework.beans.factory.annotation.AutowiredAnnotationBeanPostProcessor.postProcessPropertyValues(AutowiredAnnotationBeanPostProcessor.java:373) ~[spring-beans-5.0.7.RELEASE.jar:5.0.7.RELEASE]
	at org.springframework.beans.factory.support.AbstractAutowireCapableBeanFactory.populateBean(AbstractAutowireCapableBeanFactory.java:1350) ~[spring-beans-5.0.7.RELEASE.jar:5.0.7.RELEASE]
	at org.springframework.beans.factory.support.AbstractAutowireCapableBeanFactory.doCreateBean(AbstractAutowireCapableBeanFactory.java:580) ~[spring-beans-5.0.7.RELEASE.jar:5.0.7.RELEASE]
	at org.springframework.beans.factory.support.AbstractAutowireCapableBeanFactory.createBean(AbstractAutowireCapableBeanFactory.java:503) ~[spring-beans-5.0.7.RELEASE.jar:5.0.7.RELEASE]
	at org.springframework.beans.factory.support.AbstractBeanFactory.lambda$doGetBean$0(AbstractBeanFactory.java:317) ~[spring-beans-5.0.7.RELEASE.jar:5.0.7.RELEASE]
	at org.springframework.beans.factory.support.DefaultSingletonBeanRegistry.getSingleton(DefaultSingletonBeanRegistry.java:222) ~[spring-beans-5.0.7.RELEASE.jar:5.0.7.RELEASE]
	at org.springframework.beans.factory.support.AbstractBeanFactory.doGetBean(AbstractBeanFactory.java:315) ~[spring-beans-5.0.7.RELEASE.jar:5.0.7.RELEASE]
	at org.springframework.beans.factory.support.AbstractBeanFactory.getBean(AbstractBeanFactory.java:199) ~[spring-beans-5.0.7.RELEASE.jar:5.0.7.RELEASE]
	at org.springframework.beans.factory.support.DefaultListableBeanFactory.preInstantiateSingletons(DefaultListableBeanFactory.java:760) ~[spring-beans-5.0.7.RELEASE.jar:5.0.7.RELEASE]
	at org.springframework.context.support.AbstractApplicationContext.finishBeanFactoryInitialization(AbstractApplicationContext.java:869) ~[spring-context-5.0.7.RELEASE.jar:5.0.7.RELEASE]
	at org.springframework.context.support.AbstractApplicationContext.refresh(AbstractApplicationContext.java:550) ~[spring-context-5.0.7.RELEASE.jar:5.0.7.RELEASE]
	at org.springframework.boot.web.servlet.context.ServletWebServerApplicationContext.refresh(ServletWebServerApplicationContext.java:140) ~[spring-boot-2.0.3.RELEASE.jar:2.0.3.RELEASE]
	at org.springframework.boot.SpringApplication.refresh(SpringApplication.java:759) [spring-boot-2.0.3.RELEASE.jar:2.0.3.RELEASE]
	at org.springframework.boot.SpringApplication.refreshContext(SpringApplication.java:395) [spring-boot-2.0.3.RELEASE.jar:2.0.3.RELEASE]
	at org.springframework.boot.SpringApplication.run(SpringApplication.java:327) [spring-boot-2.0.3.RELEASE.jar:2.0.3.RELEASE]
	at org.springframework.boot.SpringApplication.run(SpringApplication.java:1255) [spring-boot-2.0.3.RELEASE.jar:2.0.3.RELEASE]
	at org.springframework.boot.SpringApplication.run(SpringApplication.java:1243) [spring-boot-2.0.3.RELEASE.jar:2.0.3.RELEASE]
	at com.jgw.supercodeplatform.SuperCodeTraceApplication.main(SuperCodeTraceApplication.java:17) [classes/:na]
Caused by: org.springframework.beans.factory.UnsatisfiedDependencyException: Error creating bean with name 'redisUtilNew': Unsatisfied dependency expressed through field 'stringRedisTemplate'; nested exception is org.springframework.beans.factory.BeanCreationException: Error creating bean with name 'redisConfigNew': Injection of autowired dependencies failed; nested exception is java.lang.IllegalArgumentException: Could not resolve placeholder 'redis.host' in value "${redis.host}"
	at org.springframework.beans.factory.annotation.AutowiredAnnotationBeanPostProcessor$AutowiredFieldElement.inject(AutowiredAnnotationBeanPostProcessor.java:587) ~[spring-beans-5.0.7.RELEASE.jar:5.0.7.RELEASE]
	at org.springframework.beans.factory.annotation.InjectionMetadata.inject(InjectionMetadata.java:91) ~[spring-beans-5.0.7.RELEASE.jar:5.0.7.RELEASE]
	at org.springframework.beans.factory.annotation.AutowiredAnnotationBeanPostProcessor.postProcessPropertyValues(AutowiredAnnotationBeanPostProcessor.java:373) ~[spring-beans-5.0.7.RELEASE.jar:5.0.7.RELEASE]
	at org.springframework.beans.factory.support.AbstractAutowireCapableBeanFactory.populateBean(AbstractAutowireCapableBeanFactory.java:1350) ~[spring-beans-5.0.7.RELEASE.jar:5.0.7.RELEASE]
	at org.springframework.beans.factory.support.AbstractAutowireCapableBeanFactory.doCreateBean(AbstractAutowireCapableBeanFactory.java:580) ~[spring-beans-5.0.7.RELEASE.jar:5.0.7.RELEASE]
	at org.springframework.beans.factory.support.AbstractAutowireCapableBeanFactory.createBean(AbstractAutowireCapableBeanFactory.java:503) ~[spring-beans-5.0.7.RELEASE.jar:5.0.7.RELEASE]
	at org.springframework.beans.factory.support.AbstractBeanFactory.lambda$doGetBean$0(AbstractBeanFactory.java:317) ~[spring-beans-5.0.7.RELEASE.jar:5.0.7.RELEASE]
	at org.springframework.beans.factory.support.DefaultSingletonBeanRegistry.getSingleton(DefaultSingletonBeanRegistry.java:222) ~[spring-beans-5.0.7.RELEASE.jar:5.0.7.RELEASE]
	at org.springframework.beans.factory.support.AbstractBeanFactory.doGetBean(AbstractBeanFactory.java:315) ~[spring-beans-5.0.7.RELEASE.jar:5.0.7.RELEASE]
	at org.springframework.beans.factory.support.AbstractBeanFactory.getBean(AbstractBeanFactory.java:199) ~[spring-beans-5.0.7.RELEASE.jar:5.0.7.RELEASE]
	at org.springframework.beans.factory.config.DependencyDescriptor.resolveCandidate(DependencyDescriptor.java:251) ~[spring-beans-5.0.7.RELEASE.jar:5.0.7.RELEASE]
	at org.springframework.beans.factory.support.DefaultListableBeanFactory.doResolveDependency(DefaultListableBeanFactory.java:1138) ~[spring-beans-5.0.7.RELEASE.jar:5.0.7.RELEASE]
	at org.springframework.beans.factory.support.DefaultListableBeanFactory.resolveDependency(DefaultListableBeanFactory.java:1065) ~[spring-beans-5.0.7.RELEASE.jar:5.0.7.RELEASE]
	at org.springframework.beans.factory.annotation.AutowiredAnnotationBeanPostProcessor$AutowiredFieldElement.inject(AutowiredAnnotationBeanPostProcessor.java:584) ~[spring-beans-5.0.7.RELEASE.jar:5.0.7.RELEASE]
	... 19 common frames omitted
Caused by: org.springframework.beans.factory.BeanCreationException: Error creating bean with name 'redisConfigNew': Injection of autowired dependencies failed; nested exception is java.lang.IllegalArgumentException: Could not resolve placeholder 'redis.host' in value "${redis.host}"
	at org.springframework.beans.factory.annotation.AutowiredAnnotationBeanPostProcessor.postProcessPropertyValues(AutowiredAnnotationBeanPostProcessor.java:379) ~[spring-beans-5.0.7.RELEASE.jar:5.0.7.RELEASE]
	at org.springframework.beans.factory.support.AbstractAutowireCapableBeanFactory.populateBean(AbstractAutowireCapableBeanFactory.java:1350) ~[spring-beans-5.0.7.RELEASE.jar:5.0.7.RELEASE]
	at org.springframework.beans.factory.support.AbstractAutowireCapableBeanFactory.doCreateBean(AbstractAutowireCapableBeanFactory.java:580) ~[spring-beans-5.0.7.RELEASE.jar:5.0.7.RELEASE]
	at org.springframework.beans.factory.support.AbstractAutowireCapableBeanFactory.createBean(AbstractAutowireCapableBeanFactory.java:503) ~[spring-beans-5.0.7.RELEASE.jar:5.0.7.RELEASE]
	at org.springframework.beans.factory.support.AbstractBeanFactory.lambda$doGetBean$0(AbstractBeanFactory.java:317) ~[spring-beans-5.0.7.RELEASE.jar:5.0.7.RELEASE]
	at org.springframework.beans.factory.support.DefaultSingletonBeanRegistry.getSingleton(DefaultSingletonBeanRegistry.java:222) ~[spring-beans-5.0.7.RELEASE.jar:5.0.7.RELEASE]
	at org.springframework.beans.factory.support.AbstractBeanFactory.doGetBean(AbstractBeanFactory.java:315) ~[spring-beans-5.0.7.RELEASE.jar:5.0.7.RELEASE]
	at org.springframework.beans.factory.support.AbstractBeanFactory.getBean(AbstractBeanFactory.java:199) ~[spring-beans-5.0.7.RELEASE.jar:5.0.7.RELEASE]
	at org.springframework.beans.factory.support.ConstructorResolver.instantiateUsingFactoryMethod(ConstructorResolver.java:372) ~[spring-beans-5.0.7.RELEASE.jar:5.0.7.RELEASE]
	at org.springframework.beans.factory.support.AbstractAutowireCapableBeanFactory.instantiateUsingFactoryMethod(AbstractAutowireCapableBeanFactory.java:1256) ~[spring-beans-5.0.7.RELEASE.jar:5.0.7.RELEASE]
	at org.springframework.beans.factory.support.AbstractAutowireCapableBeanFactory.createBeanInstance(AbstractAutowireCapableBeanFactory.java:1105) ~[spring-beans-5.0.7.RELEASE.jar:5.0.7.RELEASE]
	at org.springframework.beans.factory.support.AbstractAutowireCapableBeanFactory.doCreateBean(AbstractAutowireCapableBeanFactory.java:543) ~[spring-beans-5.0.7.RELEASE.jar:5.0.7.RELEASE]
	at org.springframework.beans.factory.support.AbstractAutowireCapableBeanFactory.createBean(AbstractAutowireCapableBeanFactory.java:503) ~[spring-beans-5.0.7.RELEASE.jar:5.0.7.RELEASE]
	at org.springframework.beans.factory.support.AbstractBeanFactory.lambda$doGetBean$0(AbstractBeanFactory.java:317) ~[spring-beans-5.0.7.RELEASE.jar:5.0.7.RELEASE]
	at org.springframework.beans.factory.support.DefaultSingletonBeanRegistry.getSingleton(DefaultSingletonBeanRegistry.java:222) ~[spring-beans-5.0.7.RELEASE.jar:5.0.7.RELEASE]
	at org.springframework.beans.factory.support.AbstractBeanFactory.doGetBean(AbstractBeanFactory.java:315) ~[spring-beans-5.0.7.RELEASE.jar:5.0.7.RELEASE]
	at org.springframework.beans.factory.support.AbstractBeanFactory.getBean(AbstractBeanFactory.java:199) ~[spring-beans-5.0.7.RELEASE.jar:5.0.7.RELEASE]
	at org.springframework.beans.factory.config.DependencyDescriptor.resolveCandidate(DependencyDescriptor.java:251) ~[spring-beans-5.0.7.RELEASE.jar:5.0.7.RELEASE]
	at org.springframework.beans.factory.support.DefaultListableBeanFactory.doResolveDependency(DefaultListableBeanFactory.java:1138) ~[spring-beans-5.0.7.RELEASE.jar:5.0.7.RELEASE]
	at org.springframework.beans.factory.support.DefaultListableBeanFactory.resolveDependency(DefaultListableBeanFactory.java:1065) ~[spring-beans-5.0.7.RELEASE.jar:5.0.7.RELEASE]
	at org.springframework.beans.factory.annotation.AutowiredAnnotationBeanPostProcessor$AutowiredFieldElement.inject(AutowiredAnnotationBeanPostProcessor.java:584) ~[spring-beans-5.0.7.RELEASE.jar:5.0.7.RELEASE]
	... 32 common frames omitted
Caused by: java.lang.IllegalArgumentException: Could not resolve placeholder 'redis.host' in value "${redis.host}"
	at org.springframework.util.PropertyPlaceholderHelper.parseStringValue(PropertyPlaceholderHelper.java:172) ~[spring-core-5.0.7.RELEASE.jar:5.0.7.RELEASE]
	at org.springframework.util.PropertyPlaceholderHelper.replacePlaceholders(PropertyPlaceholderHelper.java:124) ~[spring-core-5.0.7.RELEASE.jar:5.0.7.RELEASE]
	at org.springframework.core.env.AbstractPropertyResolver.doResolvePlaceholders(AbstractPropertyResolver.java:237) ~[spring-core-5.0.7.RELEASE.jar:5.0.7.RELEASE]
	at org.springframework.core.env.AbstractPropertyResolver.resolveRequiredPlaceholders(AbstractPropertyResolver.java:211) ~[spring-core-5.0.7.RELEASE.jar:5.0.7.RELEASE]
	at org.springframework.context.support.PropertySourcesPlaceholderConfigurer.lambda$processProperties$0(PropertySourcesPlaceholderConfigurer.java:175) ~[spring-context-5.0.7.RELEASE.jar:5.0.7.RELEASE]
	at org.springframework.beans.factory.support.AbstractBeanFactory.resolveEmbeddedValue(AbstractBeanFactory.java:839) ~[spring-beans-5.0.7.RELEASE.jar:5.0.7.RELEASE]
	at org.springframework.beans.factory.support.DefaultListableBeanFactory.doResolveDependency(DefaultListableBeanFactory.java:1086) ~[spring-beans-5.0.7.RELEASE.jar:5.0.7.RELEASE]
	at org.springframework.beans.factory.support.DefaultListableBeanFactory.resolveDependency(DefaultListableBeanFactory.java:1065) ~[spring-beans-5.0.7.RELEASE.jar:5.0.7.RELEASE]
	at org.springframework.beans.factory.annotation.AutowiredAnnotationBeanPostProcessor$AutowiredFieldElement.inject(AutowiredAnnotationBeanPostProcessor.java:584) ~[spring-beans-5.0.7.RELEASE.jar:5.0.7.RELEASE]
	at org.springframework.beans.factory.annotation.InjectionMetadata.inject(InjectionMetadata.java:91) ~[spring-beans-5.0.7.RELEASE.jar:5.0.7.RELEASE]
	at org.springframework.beans.factory.annotation.AutowiredAnnotationBeanPostProcessor.postProcessPropertyValues(AutowiredAnnotationBeanPostProcessor.java:373) ~[spring-beans-5.0.7.RELEASE.jar:5.0.7.RELEASE]
	... 52 common frames omitted

2019-03-19 11:14:42.142  INFO 7200 --- [main] c.j.s.SuperCodeTraceApplication          : No active profile set, falling back to default profiles: default
2019-03-19 11:14:44.715  INFO 7200 --- [main] o.apache.catalina.core.StandardService   : Starting service [Tomcat]
2019-03-19 11:14:44.716  INFO 7200 --- [main] org.apache.catalina.core.StandardEngine  : Starting Servlet Engine: Apache Tomcat/8.5.31
2019-03-19 11:14:44.720  INFO 7200 --- [localhost-startStop-1] o.a.catalina.core.AprLifecycleListener   : The APR based Apache Tomcat Native library which allows optimal performance in production environments was not found on the java.library.path: [E:\JDK8\bin;C:\WINDOWS\Sun\Java\bin;C:\WINDOWS\system32;C:\WINDOWS;E:\JDK8\bin;C:\WINDOWS\System32\WindowsPowerShell\v1.0\;C:\WINDOWS\system32;C:\WINDOWS;C:\WINDOWS\System32\Wbem;D:\apache-maven-3.5.2\bin\;C:\Program Files\Git\cmd;C:\WINDOWS\System32\OpenSSH\;C:\Users\JGW\AppData\Local\Microsoft\WindowsApps;;.]
2019-03-19 11:14:44.868  INFO 7200 --- [localhost-startStop-1] o.a.c.c.C.[Tomcat].[localhost].[/]       : Initializing Spring embedded WebApplicationContext
2019-03-19 11:14:46.539  INFO 7200 --- [main] c.j.s.web.SuperCodeWebMvcConfig          : 用户允许通过定制功能拦截：[/trace/dynamic/fun/addFunData, /trace/dynamic/fun/list, /trace/dynamic/fun/update, /trace/dynamic/fun/delete]
2019-03-19 11:14:46.864  INFO 7200 --- [main] com.alibaba.druid.pool.DruidDataSource   : {dataSource-1} inited
2019-03-19 11:14:46.893  INFO 7200 --- [main] c.j.s.web.SuperCodeWebMvcConfig          : 拦截允许通过url配置：[/org/sys/invite/sys, /org/list/sys, /xiangqing/org, /sysuser/role, /role/sys, /sysuser/role, /fake/record/search/api/getAllFakeJudgeResult, /xiangqing/fake, /fake/record/search/api/getAllSearchRecordsToEngine, /fake/code/manage/api/generateBatchCode, /fake/code/manage/api/getGeneratedBatchCodeList, /fake/code/manage/api/exportSingleCodeDetailByBatchId, /fake/relationCode/add, /fake/manage/api/getFakeManageRecordList, /fake/relationCode/update, /trace/traceFunTemplateconfig/add, /trace/traceFunTemplateconfig/query, /trace/traceFunTemplateconfig/update, /trace/batch/info, /trace/batch/info/page, /trace/batch/info, /trace/batch/info, /trace/batch/info/nodeBusinessData, /trace/dynamic/fun/addFunData, /trace/dynamic/fun/list, /trace/dynamic/fun/addFunData, /trace/dynamic/fun/addFunData, /trace/dynamic/fun/list, /trace/dynamic/fun/addFunData, /trace/dynamic/fun/addFunData, /trace/dynamic/fun/delete, /trace/dynamic/fun/update, /trace/dynamic/fun/list, /trace/dynamic/fun/addFunData, /trace/dynamic/fun/delete, /trace/dynamic/fun/update, /trace/dynamic/fun/list, /trace/dynamic/fun/addFunData, /trace/dynamic/fun/delete, /trace/dynamic/fun/update, /trace/dynamic/fun/list, /trace/dynamic/fun/addFunData, /trace/dynamic/fun/delete, /trace/dynamic/fun/update, /trace/dynamic/fun/list, /trace/dynamic/fun/list, /trace/dynamic/fun/list, /trace/dynamic/fun/addFunData, /trace/dynamic/fun/addFunData, /trace/dynamic/fun/addFunData, /trace/dynamic/fun/delete, /trace/dynamic/fun/update, /trace/dynamic/fun/addFunData, /trace/dynamic/fun/delete, /trace/dynamic/fun/addFunData, /trace/dynamic/fun/addFunData, /trace/dynamic/fun/delete, /trace/dynamic/fun/update, /trace/dynamic/fun/list, /trace/dynamic/fun/addFunData, /trace/dynamic/fun/addFunData, /trace/dynamic/fun/list, /trace/dynamic/fun/list, /trace/dynamic/fun/addFunData, /trace/dynamic/fun/addFunData, /trace/dynamic/fun/addFunData, /trace/dynamic/fun/addFunData, /trace/dynamic/fun/addFunData, /trace/dynamic/fun/delete, /trace/dynamic/fun/update, /trace/dynamic/fun/list, /trace/dynamic/fun/addFunData, /trace/dynamic/fun/update, /trace/dynamic/fun/delete, /trace/dynamic/fun/list, /trace/dynamic/fun/addFunData, /trace/dynamic/fun/addFunData, /trace/dynamic/fun/update, /trace/dynamic/fun/list, /trace/dynamic/fun/addFunData, /trace/dynamic/fun/addFunData, /trace/dynamic/fun/addFunData, /trace/dynamic/fun/addFunData, /trace/dynamic/fun/list, /trace/dynamic/fun/addFunData, /trace/dynamic/fun/list, /trace/dynamic/fun/addFunData, /trace/dynamic/fun/list, /trace/dynamic/fun/addFunData, /trace/dynamic/fun/list, /trace/dynamic/fun/addFunData, /trace/dynamic/fun/list, /trace/dynamic/fun/addFunData, /trace/dynamic/fun/delete, /trace/dynamic/fun/update, /trace/dynamic/fun/list, /trace/dynamic/fun/list, /trace/dynamic/fun/addFunData, /trace/dynamic/fun/list, /trace/dynamic/fun/addFunData, /trace/dynamic/fun/list, /trace/dynamic/fun/addFunData, /trace/dynamic/fun/delete, /trace/dynamic/fun/list, /trace/dynamic/fun/addFunData, /trace/dynamic/fun/delete, /trace/dynamic/fun/update, /trace/dynamic/fun/list, /trace/dynamic/fun/addFunData, /trace/dynamic/fun/delete, /trace/dynamic/fun/update, /trace/dynamic/fun/list, /trace/dynamic/fun/list, /trace/dynamic/fun/addFunData, /trace/dynamic/fun/delete, /trace/dynamic/fun/update, /trace/dynamic/fun/list, /trace/dynamic/fun/list, /trace/dynamic/fun/addFunData, /trace/dynamic/fun/delete, /trace/dynamic/fun/update, /trace/dynamic/fun/list, /trace/dynamic/fun/list, /trace/dynamic/fun/addFunData, /trace/dynamic/fun/delete, /trace/dynamic/fun/update, /trace/dynamic/fun/list, /trace/dynamic/fun/list, /trace/dynamic/fun/delete, /trace/dynamic/fun/list, /trace/node/blockchain/page, /trace/node/blockchain/getNodeBlockInfo, /trace/dynamic/fun/addFunData, /trace/dynamic/fun/delete, /trace/dynamic/fun/update, /trace/dynamic/fun/list, /trace/dynamic/fun/list, /trace/dynamic/fun/list, /trace/dynamic/fun/list, /code/save/codeApply, /code/page/codeApply, /code/exportTestCode, /code/reSubmitGenerateCode, /code/audit/codeApply, /code/updateCodeApply, /code/order/page/waitAudit, /code/order/auditOrder, /code/activation/code/page/factoryTest/activation, /code/activation/code/factory/singleCode, /code/activation/code/page/JGWTest/activation, /code/activation/code/codeManager/singleCode, /code/activation/code/page/invalid, /code/download/getCodeDownloadPageList, /code/download/exportSingleCodeDetailByBatchId, /code/order/page/waitDeliverOrder, /code/order/delivery, /code/order/page/customer/waitSign, /code/activation/code/list/activation/sbatch, /code/activation/code/sbatch, /code/relation/list/relation/record, /code/relation/addRelation, /trace/dynamic/fun/addFunData, /trace/dynamic/fun/delete, /trace/dynamic/fun/update, /trace/dynamic/fun/list, /trace/dynamic/fun/list, /code/order/page/factory/notSign, /code/order/page/factory/waitSign, /code/order/page/customer/notSign, /code/order/signOrder, /code/order/reSignOrder, /trace/dynamic/fun/list, /trace/dynamic/fun/list, /SSS/DD, /marketing/members/list, /marketing/members/update, /marketing/members/disable/status, /marketing/members/enable/status, /Hjaojfo/nsajdk/asdasd, /marketing/activity/set/updatePage, /marketing/activity/set/add, /marketing/activity/set/disOrEnable, /marketing/winRecord/page, /marketing/winRecord/littlerecord, /trace/dynamic/fun/addFunData, /trace/dynamic/fun/delete, /trace/dynamic/fun/update, /trace/dynamic/fun/list, /trace/dynamic/fun/list, /trace/dynamic/fun/addFunData, /trace/dynamic/fun/list, /trace/dynamic/fun/addFunData, /trace/dynamic/fun/list, /trace/dynamic/fun/addFunData, /trace/dynamic/fun/delete, /trace/dynamic/fun/update, /trace/dynamic/fun/list, /trace/dynamic/fun/list, /trace/dynamic/fun/addFunData, /trace/dynamic/fun/list, /trace/dynamic/fun/addFunData, /trace/dynamic/fun/list, /trace/dynamic/fun/addFunData, /trace/dynamic/fun/list, /trace/dynamic/fun/addFunData, /trace/dynamic/fun/list, /trace/dynamic/fun/addFunData, /trace/dynamic/fun/list, /trace/dynamic/fun/addFunData, /trace/dynamic/fun/list, /trace/dynamic/fun/addFunData, /trace/dynamic/fun/list, /trace/dynamic/fun/addFunData, /trace/dynamic/fun/list, /trace/dynamic/fun/addFunData, /trace/dynamic/fun/list, /trace/dynamic/fun/addFunData, /trace/dynamic/fun/list, /trace/dynamic/fun/addFunData, /trace/dynamic/fun/list, /trace/dynamic/fun/addFunData, /trace/dynamic/fun/list, /trace/dynamic/fun/addFunData, /trace/dynamic/fun/list, /trace/dynamic/fun/addFunData, /trace/dynamic/fun/list]
2019-03-19 11:14:47.373  INFO 7200 --- [main] pertySourcedRequestMappingHandlerMapping : Mapped URL path [/v2/api-docs] onto method [public org.springframework.http.ResponseEntity<springfox.documentation.spring.web.json.Json> springfox.documentation.swagger2.web.Swagger2Controller.getDocumentation(java.lang.String,javax.servlet.http.HttpServletRequest)]
2019-03-19 11:14:47.430  WARN 7200 --- [main] c.n.c.sources.URLConfigurationSource     : No URLs will be polled as dynamic configuration sources.
2019-03-19 11:14:47.430  INFO 7200 --- [main] c.n.c.sources.URLConfigurationSource     : To enable URLs as dynamic configuration sources, define System property archaius.configurationSource.additionalUrls or make config.properties available on classpath.
2019-03-19 11:14:47.436  WARN 7200 --- [main] c.n.c.sources.URLConfigurationSource     : No URLs will be polled as dynamic configuration sources.
2019-03-19 11:14:47.436  INFO 7200 --- [main] c.n.c.sources.URLConfigurationSource     : To enable URLs as dynamic configuration sources, define System property archaius.configurationSource.additionalUrls or make config.properties available on classpath.
2019-03-19 11:14:49.314  INFO 7200 --- [main] com.netflix.discovery.DiscoveryClient    : Initializing Eureka in region us-east-1
2019-03-19 11:14:49.460  INFO 7200 --- [main] c.n.d.provider.DiscoveryJerseyProvider   : Using JSON encoding codec LegacyJacksonJson
2019-03-19 11:14:49.461  INFO 7200 --- [main] c.n.d.provider.DiscoveryJerseyProvider   : Using JSON decoding codec LegacyJacksonJson
2019-03-19 11:14:49.568  INFO 7200 --- [main] c.n.d.provider.DiscoveryJerseyProvider   : Using XML encoding codec XStreamXml
2019-03-19 11:14:49.568  INFO 7200 --- [main] c.n.d.provider.DiscoveryJerseyProvider   : Using XML decoding codec XStreamXml
2019-03-19 11:14:50.069  INFO 7200 --- [main] c.n.d.s.r.aws.ConfigClusterResolver      : Resolving eureka endpoints via configuration
2019-03-19 11:14:50.128  INFO 7200 --- [main] com.netflix.discovery.DiscoveryClient    : Disable delta property : false
2019-03-19 11:14:50.128  INFO 7200 --- [main] com.netflix.discovery.DiscoveryClient    : Single vip registry refresh property : null
2019-03-19 11:14:50.128  INFO 7200 --- [main] com.netflix.discovery.DiscoveryClient    : Force full registry fetch : false
2019-03-19 11:14:50.128  INFO 7200 --- [main] com.netflix.discovery.DiscoveryClient    : Application is null : false
2019-03-19 11:14:50.128  INFO 7200 --- [main] com.netflix.discovery.DiscoveryClient    : Registered Applications size is zero : true
2019-03-19 11:14:50.128  INFO 7200 --- [main] com.netflix.discovery.DiscoveryClient    : Application version is -1: true
2019-03-19 11:14:50.128  INFO 7200 --- [main] com.netflix.discovery.DiscoveryClient    : Getting all instance registry info from the eureka server
2019-03-19 11:14:50.254  INFO 7200 --- [main] com.netflix.discovery.DiscoveryClient    : The response status is 200
2019-03-19 11:14:50.258  INFO 7200 --- [main] com.netflix.discovery.DiscoveryClient    : Starting heartbeat executor: renew interval is: 1
2019-03-19 11:14:50.260  INFO 7200 --- [main] c.n.discovery.InstanceInfoReplicator     : InstanceInfoReplicator onDemand update allowed rate per min is 4
2019-03-19 11:14:50.264  INFO 7200 --- [main] com.netflix.discovery.DiscoveryClient    : Discovery Client initialized at timestamp 1552965290263 with initial instances count: 22
2019-03-19 11:14:50.271  INFO 7200 --- [main] com.netflix.discovery.DiscoveryClient    : Saw local status change event StatusChangeEvent [timestamp=1552965290271, current=UP, previous=STARTING]
2019-03-19 11:14:50.273  INFO 7200 --- [DiscoveryClient-InstanceInfoReplicator-0] com.netflix.discovery.DiscoveryClient    : DiscoveryClient_PLATFORM-TRACE-SUPERCODE-WZQ/JGW20190306A3:platform-trace-supercode-wzq:8071: registering service...
2019-03-19 11:14:50.279  INFO 7200 --- [main] d.s.w.p.DocumentationPluginsBootstrapper : Context refreshed
2019-03-19 11:14:50.305  INFO 7200 --- [main] d.s.w.p.DocumentationPluginsBootstrapper : Found 6 custom documentation plugin(s)
2019-03-19 11:14:50.318  INFO 7200 --- [DiscoveryClient-InstanceInfoReplicator-0] com.netflix.discovery.DiscoveryClient    : DiscoveryClient_PLATFORM-TRACE-SUPERCODE-WZQ/JGW20190306A3:platform-trace-supercode-wzq:8071 - registration status: 204
2019-03-19 11:14:50.358  INFO 7200 --- [main] s.d.s.w.s.ApiListingReferenceScanner     : Scanning for api listing references
2019-03-19 11:14:50.537  INFO 7200 --- [main] .d.s.w.r.o.CachingOperationNameGenerator : Generating unique operation named: deleteUsingPOST_1
2019-03-19 11:14:50.546  INFO 7200 --- [main] .d.s.w.r.o.CachingOperationNameGenerator : Generating unique operation named: updateUsingPOST_1
2019-03-19 11:14:50.559  INFO 7200 --- [main] s.d.s.w.s.ApiListingReferenceScanner     : Scanning for api listing references
2019-03-19 11:14:50.582  INFO 7200 --- [main] .d.s.w.r.o.CachingOperationNameGenerator : Generating unique operation named: addUsingPOST_1
2019-03-19 11:14:50.583  INFO 7200 --- [main] .d.s.w.r.o.CachingOperationNameGenerator : Generating unique operation named: createQrCodeUsingGET_1
2019-03-19 11:14:50.601  INFO 7200 --- [main] s.d.s.w.s.ApiListingReferenceScanner     : Scanning for api listing references
2019-03-19 11:14:50.636  INFO 7200 --- [main] s.d.s.w.s.ApiListingReferenceScanner     : Scanning for api listing references
2019-03-19 11:14:50.658  INFO 7200 --- [main] .d.s.w.r.o.CachingOperationNameGenerator : Generating unique operation named: addUsingPOST_2
2019-03-19 11:14:50.680  INFO 7200 --- [main] .d.s.w.r.o.CachingOperationNameGenerator : Generating unique operation named: updateUsingPOST_2
2019-03-19 11:14:50.687  INFO 7200 --- [main] .d.s.w.r.o.CachingOperationNameGenerator : Generating unique operation named: addUsingPOST_3
2019-03-19 11:14:50.691  INFO 7200 --- [main] .d.s.w.r.o.CachingOperationNameGenerator : Generating unique operation named: deleteUsingPOST_2
2019-03-19 11:14:50.735  INFO 7200 --- [main] .d.s.w.r.o.CachingOperationNameGenerator : Generating unique operation named: updateUsingPOST_3
2019-03-19 11:14:50.739  INFO 7200 --- [main] s.d.s.w.s.ApiListingReferenceScanner     : Scanning for api listing references
2019-03-19 11:14:50.769  INFO 7200 --- [main] s.d.s.w.s.ApiListingReferenceScanner     : Scanning for api listing references
2019-03-19 11:14:50.776  INFO 7200 --- [main] .d.s.w.r.o.CachingOperationNameGenerator : Generating unique operation named: checkNodeBlockInfoUsingPOST_1
2019-03-19 11:14:50.784  INFO 7200 --- [main] .d.s.w.r.o.CachingOperationNameGenerator : Generating unique operation named: nodeBlockInfoUsingGET_1
2019-03-19 11:14:50.792  INFO 7200 --- [main] .d.s.w.r.o.CachingOperationNameGenerator : Generating unique operation named: pageUsingGET_1
2019-03-19 11:14:50.852  INFO 7200 --- [main] c.j.s.SuperCodeTraceApplication          : Started SuperCodeTraceApplication in 11.823 seconds (JVM running for 13.071)
2019-03-19 11:19:50.131  INFO 7200 --- [AsyncResolver-bootstrap-executor-0] c.n.d.s.r.aws.ConfigClusterResolver      : Resolving eureka endpoints via configuration
2019-03-19 11:24:50.133  INFO 7200 --- [AsyncResolver-bootstrap-executor-0] c.n.d.s.r.aws.ConfigClusterResolver      : Resolving eureka endpoints via configuration
2019-03-19 11:29:50.136  INFO 7200 --- [AsyncResolver-bootstrap-executor-0] c.n.d.s.r.aws.ConfigClusterResolver      : Resolving eureka endpoints via configuration
2019-03-19 11:34:50.139  INFO 7200 --- [AsyncResolver-bootstrap-executor-0] c.n.d.s.r.aws.ConfigClusterResolver      : Resolving eureka endpoints via configuration
2019-03-19 11:39:50.140  INFO 7200 --- [AsyncResolver-bootstrap-executor-0] c.n.d.s.r.aws.ConfigClusterResolver      : Resolving eureka endpoints via configuration
2019-03-19 11:44:04.651  INFO 5052 --- [main] c.j.s.SuperCodeTraceApplication          : No active profile set, falling back to default profiles: default
2019-03-19 11:44:07.149  INFO 5052 --- [main] o.apache.catalina.core.StandardService   : Starting service [Tomcat]
2019-03-19 11:44:07.149  INFO 5052 --- [main] org.apache.catalina.core.StandardEngine  : Starting Servlet Engine: Apache Tomcat/8.5.31
2019-03-19 11:44:07.154  INFO 5052 --- [localhost-startStop-1] o.a.catalina.core.AprLifecycleListener   : The APR based Apache Tomcat Native library which allows optimal performance in production environments was not found on the java.library.path: [E:\JDK8\bin;C:\WINDOWS\Sun\Java\bin;C:\WINDOWS\system32;C:\WINDOWS;E:\JDK8\bin;C:\WINDOWS\System32\WindowsPowerShell\v1.0\;C:\WINDOWS\system32;C:\WINDOWS;C:\WINDOWS\System32\Wbem;D:\apache-maven-3.5.2\bin\;C:\Program Files\Git\cmd;C:\WINDOWS\System32\OpenSSH\;C:\Users\JGW\AppData\Local\Microsoft\WindowsApps;;.]
2019-03-19 11:44:07.310  INFO 5052 --- [localhost-startStop-1] o.a.c.c.C.[Tomcat].[localhost].[/]       : Initializing Spring embedded WebApplicationContext
2019-03-19 11:44:08.903  INFO 5052 --- [main] c.j.s.web.SuperCodeWebMvcConfig          : 用户允许通过定制功能拦截：[/trace/dynamic/fun/addFunData, /trace/dynamic/fun/list, /trace/dynamic/fun/update, /trace/dynamic/fun/delete]
2019-03-19 11:44:09.173  INFO 5052 --- [main] com.alibaba.druid.pool.DruidDataSource   : {dataSource-1} inited
2019-03-19 11:44:09.201  INFO 5052 --- [main] c.j.s.web.SuperCodeWebMvcConfig          : 拦截允许通过url配置：[/org/sys/invite/sys, /org/list/sys, /xiangqing/org, /sysuser/role, /role/sys, /sysuser/role, /fake/record/search/api/getAllFakeJudgeResult, /xiangqing/fake, /fake/record/search/api/getAllSearchRecordsToEngine, /fake/code/manage/api/generateBatchCode, /fake/code/manage/api/getGeneratedBatchCodeList, /fake/code/manage/api/exportSingleCodeDetailByBatchId, /fake/relationCode/add, /fake/manage/api/getFakeManageRecordList, /fake/relationCode/update, /trace/traceFunTemplateconfig/add, /trace/traceFunTemplateconfig/query, /trace/traceFunTemplateconfig/update, /trace/batch/info, /trace/batch/info/page, /trace/batch/info, /trace/batch/info, /trace/batch/info/nodeBusinessData, /trace/dynamic/fun/addFunData, /trace/dynamic/fun/list, /trace/dynamic/fun/addFunData, /trace/dynamic/fun/addFunData, /trace/dynamic/fun/list, /trace/dynamic/fun/addFunData, /trace/dynamic/fun/addFunData, /trace/dynamic/fun/delete, /trace/dynamic/fun/update, /trace/dynamic/fun/list, /trace/dynamic/fun/addFunData, /trace/dynamic/fun/delete, /trace/dynamic/fun/update, /trace/dynamic/fun/list, /trace/dynamic/fun/addFunData, /trace/dynamic/fun/delete, /trace/dynamic/fun/update, /trace/dynamic/fun/list, /trace/dynamic/fun/addFunData, /trace/dynamic/fun/delete, /trace/dynamic/fun/update, /trace/dynamic/fun/list, /trace/dynamic/fun/list, /trace/dynamic/fun/list, /trace/dynamic/fun/addFunData, /trace/dynamic/fun/addFunData, /trace/dynamic/fun/addFunData, /trace/dynamic/fun/delete, /trace/dynamic/fun/update, /trace/dynamic/fun/addFunData, /trace/dynamic/fun/delete, /trace/dynamic/fun/addFunData, /trace/dynamic/fun/addFunData, /trace/dynamic/fun/delete, /trace/dynamic/fun/update, /trace/dynamic/fun/list, /trace/dynamic/fun/addFunData, /trace/dynamic/fun/addFunData, /trace/dynamic/fun/list, /trace/dynamic/fun/list, /trace/dynamic/fun/addFunData, /trace/dynamic/fun/addFunData, /trace/dynamic/fun/addFunData, /trace/dynamic/fun/addFunData, /trace/dynamic/fun/addFunData, /trace/dynamic/fun/delete, /trace/dynamic/fun/update, /trace/dynamic/fun/list, /trace/dynamic/fun/addFunData, /trace/dynamic/fun/update, /trace/dynamic/fun/delete, /trace/dynamic/fun/list, /trace/dynamic/fun/addFunData, /trace/dynamic/fun/addFunData, /trace/dynamic/fun/update, /trace/dynamic/fun/list, /trace/dynamic/fun/addFunData, /trace/dynamic/fun/addFunData, /trace/dynamic/fun/addFunData, /trace/dynamic/fun/addFunData, /trace/dynamic/fun/list, /trace/dynamic/fun/addFunData, /trace/dynamic/fun/list, /trace/dynamic/fun/addFunData, /trace/dynamic/fun/list, /trace/dynamic/fun/addFunData, /trace/dynamic/fun/list, /trace/dynamic/fun/addFunData, /trace/dynamic/fun/list, /trace/dynamic/fun/addFunData, /trace/dynamic/fun/delete, /trace/dynamic/fun/update, /trace/dynamic/fun/list, /trace/dynamic/fun/list, /trace/dynamic/fun/addFunData, /trace/dynamic/fun/list, /trace/dynamic/fun/addFunData, /trace/dynamic/fun/list, /trace/dynamic/fun/addFunData, /trace/dynamic/fun/delete, /trace/dynamic/fun/list, /trace/dynamic/fun/addFunData, /trace/dynamic/fun/delete, /trace/dynamic/fun/update, /trace/dynamic/fun/list, /trace/dynamic/fun/addFunData, /trace/dynamic/fun/delete, /trace/dynamic/fun/update, /trace/dynamic/fun/list, /trace/dynamic/fun/list, /trace/dynamic/fun/addFunData, /trace/dynamic/fun/delete, /trace/dynamic/fun/update, /trace/dynamic/fun/list, /trace/dynamic/fun/list, /trace/dynamic/fun/addFunData, /trace/dynamic/fun/delete, /trace/dynamic/fun/update, /trace/dynamic/fun/list, /trace/dynamic/fun/list, /trace/dynamic/fun/addFunData, /trace/dynamic/fun/delete, /trace/dynamic/fun/update, /trace/dynamic/fun/list, /trace/dynamic/fun/list, /trace/dynamic/fun/delete, /trace/dynamic/fun/list, /trace/node/blockchain/page, /trace/node/blockchain/getNodeBlockInfo, /trace/dynamic/fun/addFunData, /trace/dynamic/fun/delete, /trace/dynamic/fun/update, /trace/dynamic/fun/list, /trace/dynamic/fun/list, /trace/dynamic/fun/list, /trace/dynamic/fun/list, /code/save/codeApply, /code/page/codeApply, /code/exportTestCode, /code/reSubmitGenerateCode, /code/audit/codeApply, /code/updateCodeApply, /code/order/page/waitAudit, /code/order/auditOrder, /code/activation/code/page/factoryTest/activation, /code/activation/code/factory/singleCode, /code/activation/code/page/JGWTest/activation, /code/activation/code/codeManager/singleCode, /code/activation/code/page/invalid, /code/download/getCodeDownloadPageList, /code/download/exportSingleCodeDetailByBatchId, /code/order/page/waitDeliverOrder, /code/order/delivery, /code/order/page/customer/waitSign, /code/activation/code/list/activation/sbatch, /code/activation/code/sbatch, /code/relation/list/relation/record, /code/relation/addRelation, /trace/dynamic/fun/addFunData, /trace/dynamic/fun/delete, /trace/dynamic/fun/update, /trace/dynamic/fun/list, /trace/dynamic/fun/list, /code/order/page/factory/notSign, /code/order/page/factory/waitSign, /code/order/page/customer/notSign, /code/order/signOrder, /code/order/reSignOrder, /trace/dynamic/fun/list, /trace/dynamic/fun/list, /SSS/DD, /marketing/members/list, /marketing/members/update, /marketing/members/disable/status, /marketing/members/enable/status, /Hjaojfo/nsajdk/asdasd, /marketing/activity/set/updatePage, /marketing/activity/set/add, /marketing/activity/set/disOrEnable, /marketing/winRecord/page, /marketing/winRecord/littlerecord, /trace/dynamic/fun/addFunData, /trace/dynamic/fun/delete, /trace/dynamic/fun/update, /trace/dynamic/fun/list, /trace/dynamic/fun/list, /trace/dynamic/fun/addFunData, /trace/dynamic/fun/list, /trace/dynamic/fun/addFunData, /trace/dynamic/fun/list, /trace/dynamic/fun/addFunData, /trace/dynamic/fun/delete, /trace/dynamic/fun/update, /trace/dynamic/fun/list, /trace/dynamic/fun/list, /trace/dynamic/fun/addFunData, /trace/dynamic/fun/list, /trace/dynamic/fun/addFunData, /trace/dynamic/fun/list, /trace/dynamic/fun/addFunData, /trace/dynamic/fun/list, /trace/dynamic/fun/addFunData, /trace/dynamic/fun/list, /trace/dynamic/fun/addFunData, /trace/dynamic/fun/list, /trace/dynamic/fun/addFunData, /trace/dynamic/fun/list, /trace/dynamic/fun/addFunData, /trace/dynamic/fun/list, /trace/dynamic/fun/addFunData, /trace/dynamic/fun/list, /trace/dynamic/fun/addFunData, /trace/dynamic/fun/list, /trace/dynamic/fun/addFunData, /trace/dynamic/fun/list, /trace/dynamic/fun/addFunData, /trace/dynamic/fun/list, /trace/dynamic/fun/addFunData, /trace/dynamic/fun/list, /trace/dynamic/fun/addFunData, /trace/dynamic/fun/list, /trace/dynamic/fun/addFunData, /trace/dynamic/fun/list, /trace/dynamic/fun/addFunData, /trace/dynamic/fun/addFunData, /trace/dynamic/fun/addFunData, /trace/dynamic/fun/addFunData, /trace/dynamic/fun/list]
2019-03-19 11:44:09.655  INFO 5052 --- [main] pertySourcedRequestMappingHandlerMapping : Mapped URL path [/v2/api-docs] onto method [public org.springframework.http.ResponseEntity<springfox.documentation.spring.web.json.Json> springfox.documentation.swagger2.web.Swagger2Controller.getDocumentation(java.lang.String,javax.servlet.http.HttpServletRequest)]
2019-03-19 11:44:09.707  WARN 5052 --- [main] c.n.c.sources.URLConfigurationSource     : No URLs will be polled as dynamic configuration sources.
2019-03-19 11:44:09.707  INFO 5052 --- [main] c.n.c.sources.URLConfigurationSource     : To enable URLs as dynamic configuration sources, define System property archaius.configurationSource.additionalUrls or make config.properties available on classpath.
2019-03-19 11:44:09.711  WARN 5052 --- [main] c.n.c.sources.URLConfigurationSource     : No URLs will be polled as dynamic configuration sources.
2019-03-19 11:44:09.712  INFO 5052 --- [main] c.n.c.sources.URLConfigurationSource     : To enable URLs as dynamic configuration sources, define System property archaius.configurationSource.additionalUrls or make config.properties available on classpath.
2019-03-19 11:44:11.600  INFO 5052 --- [main] com.netflix.discovery.DiscoveryClient    : Initializing Eureka in region us-east-1
2019-03-19 11:44:11.756  INFO 5052 --- [main] c.n.d.provider.DiscoveryJerseyProvider   : Using JSON encoding codec LegacyJacksonJson
2019-03-19 11:44:11.756  INFO 5052 --- [main] c.n.d.provider.DiscoveryJerseyProvider   : Using JSON decoding codec LegacyJacksonJson
2019-03-19 11:44:11.876  INFO 5052 --- [main] c.n.d.provider.DiscoveryJerseyProvider   : Using XML encoding codec XStreamXml
2019-03-19 11:44:11.876  INFO 5052 --- [main] c.n.d.provider.DiscoveryJerseyProvider   : Using XML decoding codec XStreamXml
2019-03-19 11:44:12.064  INFO 5052 --- [main] c.n.d.s.r.aws.ConfigClusterResolver      : Resolving eureka endpoints via configuration
2019-03-19 11:44:12.138  INFO 5052 --- [main] com.netflix.discovery.DiscoveryClient    : Disable delta property : false
2019-03-19 11:44:12.138  INFO 5052 --- [main] com.netflix.discovery.DiscoveryClient    : Single vip registry refresh property : null
2019-03-19 11:44:12.138  INFO 5052 --- [main] com.netflix.discovery.DiscoveryClient    : Force full registry fetch : false
2019-03-19 11:44:12.138  INFO 5052 --- [main] com.netflix.discovery.DiscoveryClient    : Application is null : false
2019-03-19 11:44:12.138  INFO 5052 --- [main] com.netflix.discovery.DiscoveryClient    : Registered Applications size is zero : true
2019-03-19 11:44:12.138  INFO 5052 --- [main] com.netflix.discovery.DiscoveryClient    : Application version is -1: true
2019-03-19 11:44:12.138  INFO 5052 --- [main] com.netflix.discovery.DiscoveryClient    : Getting all instance registry info from the eureka server
2019-03-19 11:44:12.543  INFO 5052 --- [main] com.netflix.discovery.DiscoveryClient    : The response status is 200
2019-03-19 11:44:12.547  INFO 5052 --- [main] com.netflix.discovery.DiscoveryClient    : Starting heartbeat executor: renew interval is: 1
2019-03-19 11:44:12.549  INFO 5052 --- [main] c.n.discovery.InstanceInfoReplicator     : InstanceInfoReplicator onDemand update allowed rate per min is 4
2019-03-19 11:44:12.554  INFO 5052 --- [main] com.netflix.discovery.DiscoveryClient    : Discovery Client initialized at timestamp 1552967052553 with initial instances count: 24
2019-03-19 11:44:12.561  INFO 5052 --- [main] com.netflix.discovery.DiscoveryClient    : Saw local status change event StatusChangeEvent [timestamp=1552967052561, current=UP, previous=STARTING]
2019-03-19 11:44:12.563  INFO 5052 --- [DiscoveryClient-InstanceInfoReplicator-0] com.netflix.discovery.DiscoveryClient    : DiscoveryClient_PLATFORM-TRACE-SUPERCODE-WZQ/JGW20190306A3:platform-trace-supercode-wzq:8071: registering service...
2019-03-19 11:44:12.567  INFO 5052 --- [main] d.s.w.p.DocumentationPluginsBootstrapper : Context refreshed
2019-03-19 11:44:12.589  INFO 5052 --- [main] d.s.w.p.DocumentationPluginsBootstrapper : Found 6 custom documentation plugin(s)
2019-03-19 11:44:12.605  INFO 5052 --- [DiscoveryClient-InstanceInfoReplicator-0] com.netflix.discovery.DiscoveryClient    : DiscoveryClient_PLATFORM-TRACE-SUPERCODE-WZQ/JGW20190306A3:platform-trace-supercode-wzq:8071 - registration status: 204
2019-03-19 11:44:12.639  INFO 5052 --- [main] s.d.s.w.s.ApiListingReferenceScanner     : Scanning for api listing references
2019-03-19 11:44:12.809  INFO 5052 --- [main] .d.s.w.r.o.CachingOperationNameGenerator : Generating unique operation named: deleteUsingPOST_1
2019-03-19 11:44:12.821  INFO 5052 --- [main] .d.s.w.r.o.CachingOperationNameGenerator : Generating unique operation named: updateUsingPOST_1
2019-03-19 11:44:12.836  INFO 5052 --- [main] s.d.s.w.s.ApiListingReferenceScanner     : Scanning for api listing references
2019-03-19 11:44:12.859  INFO 5052 --- [main] .d.s.w.r.o.CachingOperationNameGenerator : Generating unique operation named: addUsingPOST_1
2019-03-19 11:44:12.861  INFO 5052 --- [main] .d.s.w.r.o.CachingOperationNameGenerator : Generating unique operation named: createQrCodeUsingGET_1
2019-03-19 11:44:12.883  INFO 5052 --- [main] s.d.s.w.s.ApiListingReferenceScanner     : Scanning for api listing references
2019-03-19 11:44:12.924  INFO 5052 --- [main] s.d.s.w.s.ApiListingReferenceScanner     : Scanning for api listing references
2019-03-19 11:44:12.945  INFO 5052 --- [main] .d.s.w.r.o.CachingOperationNameGenerator : Generating unique operation named: addUsingPOST_2
2019-03-19 11:44:12.967  INFO 5052 --- [main] .d.s.w.r.o.CachingOperationNameGenerator : Generating unique operation named: updateUsingPOST_2
2019-03-19 11:44:12.975  INFO 5052 --- [main] .d.s.w.r.o.CachingOperationNameGenerator : Generating unique operation named: addUsingPOST_3
2019-03-19 11:44:12.979  INFO 5052 --- [main] .d.s.w.r.o.CachingOperationNameGenerator : Generating unique operation named: deleteUsingPOST_2
2019-03-19 11:44:13.028  INFO 5052 --- [main] .d.s.w.r.o.CachingOperationNameGenerator : Generating unique operation named: updateUsingPOST_3
2019-03-19 11:44:13.033  INFO 5052 --- [main] s.d.s.w.s.ApiListingReferenceScanner     : Scanning for api listing references
2019-03-19 11:44:13.062  INFO 5052 --- [main] s.d.s.w.s.ApiListingReferenceScanner     : Scanning for api listing references
2019-03-19 11:44:13.070  INFO 5052 --- [main] .d.s.w.r.o.CachingOperationNameGenerator : Generating unique operation named: checkNodeBlockInfoUsingPOST_1
2019-03-19 11:44:13.076  INFO 5052 --- [main] .d.s.w.r.o.CachingOperationNameGenerator : Generating unique operation named: nodeBlockInfoUsingGET_1
2019-03-19 11:44:13.086  INFO 5052 --- [main] .d.s.w.r.o.CachingOperationNameGenerator : Generating unique operation named: pageUsingGET_1
2019-03-19 11:44:13.149  INFO 5052 --- [main] c.j.s.SuperCodeTraceApplication          : Started SuperCodeTraceApplication in 11.357 seconds (JVM running for 13.001)
